*Info*    Exporting services from client ... 

*Info*    Client has finished starting ... 



*Info*    Configuring the session ...

	Library      = Folded_Cascoded_AMP_Lib
	Cell         = Sizing_Bench
	View         = schematic
	Simulator    = spectre
	State Path   = $AXL_SETUPDB_DIR/test_states
	State Name   = Folded_Cascoded_AMP_Lib:Sizing_Bench:1_none_Interactive.21
	Results DB   = /home/cadence/Desktop/Analog_Projects/Folded_Cascoded_AMP/Folded_Cascoded_AMP_Lib/Sizing_Bench/adexl/results/data/Interactive.21.rdb
	Results Dir  = /home/cadence/simulation/Folded_Cascoded_AMP_Lib/Sizing_Bench/adexl/results/data/Interactive.21/1/Folded_Cascoded_AMP_Lib:Sizing_Bench:1
	Results Loc  = /home/cadence/simulation/Folded_Cascoded_AMP_Lib/Sizing_Bench/adexl/results/data
	Project Dir  = /home/cadence/simulation
	Setup DB loc = /home/cadence/Desktop/Analog_Projects/Folded_Cascoded_AMP/Folded_Cascoded_AMP_Lib/Sizing_Bench/adexl
	File Encoding = 0


*Info*    Spectre controlMode is set "batch".






*Info*    Run start for Point ID (21 1) on testbench [
          Folded_Cascoded_AMP_Lib:Sizing_Bench:1 ].

Resetting statistical vars

*Info*    Setting parameter values ...

Setting var Ln = "400n"
Setting var Lp = "400n"
Setting var Vds = "1"
Setting var Vgs = "0"
Setting var Wn = "10u"
Setting var Wp = "10u"
Setting temp(T) = 27

*Info*    Netlist Directory =
          /home/cadence/simulation/Folded_Cascoded_AMP_Lib/Sizing_Bench/adexl/results/data/Interactive.21/1/Folded_Cascoded_AMP_Lib:Sizing_Bench:1/netlist


*Info*    Data Directory    =
          /home/cadence/simulation/Folded_Cascoded_AMP_Lib/Sizing_Bench/adexl/results/data/Interactive.21/1/Folded_Cascoded_AMP_Lib:Sizing_Bench:1


*Info*    Creating Netlist for Point ID (21 1)

generate netlist...
Begin Incremental Netlisting May  1 22:45:12 2025
WARNING (OSSHNL-225): The design variable 'L', used in the last netlisting session in the current
run directory is not used in this netlisting session. The netlist(s) generated
in the last netlisting session cannot be reused for incremental netlisting.
Therefore re-netlisting the design.

End netlisting May  1 22:45:12 2025

Netlisting Statistics:
	Number of components:    5

	Elapsed time:          0.0s
Errors: 0	Warnings: 0
      ...successful.
compose simulator input file...
      ...successful.

*Info*    Running simulation on testbench [
          Folded_Cascoded_AMP_Lib:Sizing_Bench:1 ] for Point ID (21
          1).

Delete psf data in /home/cadence/simulation/Folded_Cascoded_AMP_Lib/Sizing_Bench/adexl/results/data/Interactive.21/1/Folded_Cascoded_AMP_Lib:Sizing_Bench:1/psf.
compose simulator input file...
      ...successful.
start simulator if needed...
      ...successful.
simulate...
To view the simulator output, right-click on the test name, result 
name, or any value in the "Results" tab of the Outputs section and 
choose "Output Log" menu option.
INFO (ADE-3071): Simulation completed successfully.
reading simulation data...
      ...successful.
*Info*    Client has finished evaluating ... 

ERROR (ADEXL-2708): Evaluation of output 'id/wvsgm/id' failed for point:'1' test:'Folded_Cascoded_AMP_Lib:Sizing_Bench:1'
	Expression:'waveVsWave(?x (getData("M0:id" ?result "dc") / VAR("W")) ?y getData("M0:gmoverid" ?result "dc"))'
	because of the following error(s)
	*Error* quotient: can't handle (srrWave:0x25f9c480 / nil).
Ensure that the definition of output is correct.


*Info*    Run complete for Point ID (21 1) on testbench [
          Folded_Cascoded_AMP_Lib:Sizing_Bench:1 ].





Simulation design variables differ from those on the cellView,
they have been saved in the file "/tmp/saved-design-variables".
To save future changes, copy variables to cellView before exiting.
