*Info*    Exporting services from client ... 

*Info*    Client has finished starting ... 



*Info*    Configuring the session ...

	Library      = Folded_Cascoded_AMP_Lib
	Cell         = Sizing_bench_7_8
	View         = schematic
	Simulator    = spectre
	State Path   = $AXL_SETUPDB_DIR/test_states
	State Name   = Folded_Cascoded_AMP_Lib:Sizing_bench_7_8:1_none_Interactive.11
	Results DB   = /home/cadence/Desktop/Analog_Projects/Folded_Cascoded_AMP/Folded_Cascoded_AMP_Lib/Sizing_bench_7_8/adexl/results/data/Interactive.11.rdb
	Results Dir  = /home/cadence/simulation/Folded_Cascoded_AMP_Lib/Sizing_bench_7_8/adexl/results/data/Interactive.11/1/Folded_Cascoded_AMP_Lib:Sizing_bench_7_8:1
	Results Loc  = /home/cadence/simulation/Folded_Cascoded_AMP_Lib/Sizing_bench_7_8/adexl/results/data
	Project Dir  = /home/cadence/simulation
	Setup DB loc = /home/cadence/Desktop/Analog_Projects/Folded_Cascoded_AMP/Folded_Cascoded_AMP_Lib/Sizing_bench_7_8/adexl
	File Encoding = 0


*Info*    Spectre controlMode is set "batch".






*Info*    Run start for Point ID (5 1) on testbench [
          Folded_Cascoded_AMP_Lib:Sizing_bench_7_8:1 ].

Resetting statistical vars

*Info*    Setting parameter values ...

Setting var Vds = "1"
Setting var Vgs = "0"
Setting temp(T) = 27

*Info*    Netlist Directory =
          /home/cadence/simulation/Folded_Cascoded_AMP_Lib/Sizing_bench_7_8/adexl/results/data/Interactive.11/1/Folded_Cascoded_AMP_Lib:Sizing_bench_7_8:1/netlist


*Info*    Data Directory    =
          /home/cadence/simulation/Folded_Cascoded_AMP_Lib/Sizing_bench_7_8/adexl/results/data/Interactive.11/1/Folded_Cascoded_AMP_Lib:Sizing_bench_7_8:1


*Info*    Creating Netlist for Point ID (5 1)

generate netlist...
Begin Incremental Netlisting Apr 30 00:39:46 2025
WARNING (OSSHNL-160): The primitive, 'tsmcN65/nch_25_mac/spectre', was not used in the last netlisting session in this
current run directory. Therefore, re-netlisting all cell views where this
primitive is instantiated.

End netlisting Apr 30 00:39:46 2025

Netlisting Statistics:
	Number of components:    3

	Elapsed time:          0.0s
Errors: 0	Warnings: 0
      ...successful.
compose simulator input file...
      ...successful.

*Info*    Running simulation on testbench [
          Folded_Cascoded_AMP_Lib:Sizing_bench_7_8:1 ] for Point ID
          (5 1).

Delete psf data in /home/cadence/simulation/Folded_Cascoded_AMP_Lib/Sizing_bench_7_8/adexl/results/data/Interactive.11/1/Folded_Cascoded_AMP_Lib:Sizing_bench_7_8:1/psf.
compose simulator input file...
      ...successful.
start simulator if needed...
      ...successful.
simulate...
To view the simulator output, right-click on the test name, result 
name, or any value in the "Results" tab of the Outputs section and 
choose "Output Log" menu option.
INFO (ADE-3067): Errors encountered during simulation. For more information, right-click
        on a test name in the 'Results' tab of the Outputs pane and choose 'Output Log'
        to view the simulation run log.

*Error*   Error ID  = 5011
*Error*   Error Msg = Simulator failed to complete the simulation.

          Error found by spectre during circuit read-in.
Error found
          by spectre during circuit read-in.
ERROR (SFE-23):
          "input.scs" 15: The instance `M0' is referencing an
          undefined model or subcircuit, `nch_25_mac'. Either include
          the file containing th
e definition of `nch_25_mac', or
          define `nch_25_mac' before running the simulation.










*Info*    Run start for Point ID (5 1) on testbench [
          Folded_Cascoded_AMP_Lib:Sizing_bench_7_8:1 ].

Resetting statistical vars

*Info*    Setting parameter values ...

Setting var Vds = "1"
Setting var Vgs = "0"
Setting temp(T) = 27

*Info*    Netlist Directory =
          /home/cadence/simulation/Folded_Cascoded_AMP_Lib/Sizing_bench_7_8/adexl/results/data/Interactive.11/1/Folded_Cascoded_AMP_Lib:Sizing_bench_7_8:1/netlist


*Info*    Data Directory    =
          /home/cadence/simulation/Folded_Cascoded_AMP_Lib/Sizing_bench_7_8/adexl/results/data/Interactive.11/1/Folded_Cascoded_AMP_Lib:Sizing_bench_7_8:1


*Info*    Creating Netlist for Point ID (5 1)

generate netlist...
Begin Incremental Netlisting Apr 30 00:39:50 2025
End netlisting Apr 30 00:39:50 2025

	The netlist is up to date.
	Time taken to compare the design with netlist:   0.0s
      ...successful.
compose simulator input file...
      ...successful.

*Info*    Running simulation on testbench [
          Folded_Cascoded_AMP_Lib:Sizing_bench_7_8:1 ] for Point ID
          (5 1).

Delete psf data in /home/cadence/simulation/Folded_Cascoded_AMP_Lib/Sizing_bench_7_8/adexl/results/data/Interactive.11/1/Folded_Cascoded_AMP_Lib:Sizing_bench_7_8:1/psf.
compose simulator input file...
      ...successful.
start simulator if needed...
      ...successful.
simulate...
To view the simulator output, right-click on the test name, result 
name, or any value in the "Results" tab of the Outputs section and 
choose "Output Log" menu option.
INFO (ADE-3067): Errors encountered during simulation. For more information, right-click
        on a test name in the 'Results' tab of the Outputs pane and choose 'Output Log'
        to view the simulation run log.

*Error*   Error ID  = 5011
*Error*   Error Msg = Simulator failed to complete the simulation.

          Error found by spectre during circuit read-in.
Error found
          by spectre during circuit read-in.
ERROR (SFE-23):
          "input.scs" 15: The instance `M0' is referencing an
          undefined model or subcircuit, `nch_25_mac'. Either include
          the file containing th
e definition of `nch_25_mac', or
          define `nch_25_mac' before running the simulation.





Simulation design variables differ from those on the cellView,
they have been saved in the file "/tmp/saved-design-variables".
To save future changes, copy variables to cellView before exiting.
