*Info*    Exporting services from client ... 

*Info*    Client has finished starting ... 



*Info*    Configuring the session ...

	Library      = Folded_Cascoded_AMP_Lib
	Cell         = Sizing_bench
	View         = schematic
	Simulator    = spectre
	State Path   = $AXL_SETUPDB_DIR/test_states
	State Name   = Folded_Cascoded_AMP_Lib:Sizing_bench:1_none_Interactive.1
	Results DB   = /home/cadence/Desktop/Analog_Projects/Folded_Cascoded_AMP/Folded_Cascoded_AMP_Lib/Sizing_bench/adexl/results/data/Interactive.1.rdb
	Results Dir  = /home/cadence/simulation/Folded_Cascoded_AMP_Lib/Sizing_bench/adexl/results/data/Interactive.1/1/Folded_Cascoded_AMP_Lib:Sizing_bench:1
	Results Loc  = /home/cadence/simulation/Folded_Cascoded_AMP_Lib/Sizing_bench/adexl/results/data
	Project Dir  = /home/cadence/simulation
	Setup DB loc = /home/cadence/Desktop/Analog_Projects/Folded_Cascoded_AMP/Folded_Cascoded_AMP_Lib/Sizing_bench/adexl
	File Encoding = 0


*Info*    Spectre controlMode is set "batch".






*Info*    Run start for Point ID (1 1) on testbench [
          Folded_Cascoded_AMP_Lib:Sizing_bench:1 ].

Resetting statistical vars

*Info*    Setting parameter values ...

Setting var Vds = "1"
Setting var Vgs = "0"
Setting temp(T) = 27

*Info*    Netlist Directory =
          /home/cadence/simulation/Folded_Cascoded_AMP_Lib/Sizing_bench/adexl/results/data/Interactive.1/1/Folded_Cascoded_AMP_Lib:Sizing_bench:1/netlist


*Info*    Data Directory    =
          /home/cadence/simulation/Folded_Cascoded_AMP_Lib/Sizing_bench/adexl/results/data/Interactive.1/1/Folded_Cascoded_AMP_Lib:Sizing_bench:1


*Info*    Creating Netlist for Point ID (1 1)

generate netlist...
Begin Incremental Netlisting May  1 12:44:30 2025
End netlisting May  1 12:44:30 2025

	The netlist is up to date.
	Time taken to compare the design with netlist:   0.0s
      ...successful.
compose simulator input file...
      ...successful.

*Info*    Running simulation on testbench [
          Folded_Cascoded_AMP_Lib:Sizing_bench:1 ] for Point ID (1 1).

Delete psf data in /home/cadence/simulation/Folded_Cascoded_AMP_Lib/Sizing_bench/adexl/results/data/Interactive.1/1/Folded_Cascoded_AMP_Lib:Sizing_bench:1/psf.
compose simulator input file...
      ...successful.
start simulator if needed...
      ...successful.
simulate...
To view the simulator output, right-click on the test name, result 
name, or any value in the "Results" tab of the Outputs section and 
choose "Output Log" menu option.
INFO (ADE-3071): Simulation completed successfully.
reading simulation data...
      ...successful.
*Info*    Client has finished evaluating ... 


*Info*    Run complete for Point ID (1 1) on testbench [
          Folded_Cascoded_AMP_Lib:Sizing_bench:1 ].





Simulation design variables differ from those on the cellView,
they have been saved in the file "/tmp/saved-design-variables".
To save future changes, copy variables to cellView before exiting.
