*Info*    Exporting services from client ... 

*Info*    Client has finished starting ... 



*Info*    Configuring the session ...

	Library      = Folded_Cascoded_AMP_Lib
	Cell         = Sizing_bench_7_8
	View         = schematic
	Simulator    = spectre
	State Path   = $AXL_SETUPDB_DIR/test_states
	State Name   = Folded_Cascoded_AMP_Lib:Sizing_bench_7_8:1_none_Interactive.14
	Results DB   = /home/cadence/Desktop/Analog_Projects/Folded_Cascoded_AMP/Folded_Cascoded_AMP_Lib/Sizing_bench_7_8/adexl/results/data/Interactive.14.rdb
	Results Dir  = /home/cadence/simulation/Folded_Cascoded_AMP_Lib/Sizing_bench_7_8/adexl/results/data/Interactive.14/1/Folded_Cascoded_AMP_Lib:Sizing_bench_7_8:1
	Results Loc  = /home/cadence/simulation/Folded_Cascoded_AMP_Lib/Sizing_bench_7_8/adexl/results/data
	Project Dir  = /home/cadence/simulation
	Setup DB loc = /home/cadence/Desktop/Analog_Projects/Folded_Cascoded_AMP/Folded_Cascoded_AMP_Lib/Sizing_bench_7_8/adexl
	File Encoding = 0


*Info*    Spectre controlMode is set "batch".






*Info*    Run start for Point ID (8 1) on testbench [
          Folded_Cascoded_AMP_Lib:Sizing_bench_7_8:1 ].

Resetting statistical vars

*Info*    Setting parameter values ...

Setting var Vds = "1"
Setting var Vgs = "0"
Setting temp(T) = 27

*Info*    Netlist Directory =
          /home/cadence/simulation/Folded_Cascoded_AMP_Lib/Sizing_bench_7_8/adexl/results/data/Interactive.14/1/Folded_Cascoded_AMP_Lib:Sizing_bench_7_8:1/netlist


*Info*    Data Directory    =
          /home/cadence/simulation/Folded_Cascoded_AMP_Lib/Sizing_bench_7_8/adexl/results/data/Interactive.14/1/Folded_Cascoded_AMP_Lib:Sizing_bench_7_8:1


*Info*    Creating Netlist for Point ID (8 1)

generate netlist...
Begin Incremental Netlisting Apr 30 00:54:47 2025
End netlisting Apr 30 00:54:47 2025

	The netlist is up to date.
	Time taken to compare the design with netlist:   0.0s
      ...successful.
compose simulator input file...
      ...successful.

*Info*    Running simulation on testbench [
          Folded_Cascoded_AMP_Lib:Sizing_bench_7_8:1 ] for Point ID
          (8 1).

Delete psf data in /home/cadence/simulation/Folded_Cascoded_AMP_Lib/Sizing_bench_7_8/adexl/results/data/Interactive.14/1/Folded_Cascoded_AMP_Lib:Sizing_bench_7_8:1/psf.
compose simulator input file...
      ...successful.
start simulator if needed...
      ...successful.
simulate...
To view the simulator output, right-click on the test name, result 
name, or any value in the "Results" tab of the Outputs section and 
choose "Output Log" menu option.
INFO (ADE-3067): Errors encountered during simulation. For more information, right-click
        on a test name in the 'Results' tab of the Outputs pane and choose 'Output Log'
        to view the simulation run log.

*Error*   Error ID  = 5011
*Error*   Error Msg = Simulator failed to complete the simulation.

          Error found by spectre during circuit read-in.
Error found
          by spectre during circuit read-in.
ERROR (SFE-59):
          "/home/cadence/Desktop/Analog_Projects/Folded_Cascoded_AMP/scs_files/crn65gplus_2d5_lk_v1d0.scs" 668: Parameter `factor_mos_25_rf' was
 previously defined. Please try to add `+spice' in command line or option `redefinedparams' in netlist to avoid these type of errors.
ERROR (SFE-59): "/home/cadence/Desktop/Analog_Projects/Folded_Cascoded_AMP/scs_files/crn65gplus_2d5_lk_v1d0.scs" 669: Parameter `noiseflagnrf_25' was 
previously defined. Please try to add `+spice' in command line or option `redefinedparams' in netlist to avoid these type of errors.
ERROR (SFE-59): "/home/cadence/Desktop/Analog_Projects/Folded_Cascoded_AMP/scs_files/crn65gplus_2d5_lk_v1d0.scs" 670: Parameter `noiseflagprf_25' was 
previously defined. Please try to add `+spice' in command line or option `redefinedparams' in netlist to avoid these type of errors.
ERROR (SFE-59): "/home/cadence/Desktop/Analog_Projects/Folded_Cascoded_AMP/scs_files/crn65gplus_2d5_lk_v1d0.scs" 2680: Parameter `parn1rf_25' was prev
iously defined. Please try to add `+spice' in command line or option `redefinedparams' in netlist to avoid these type of errors.
ERROR (SFE-59): "/home/cadence/Desktop/Analog_Projects/Folded_Cascoded_AMP/scs_files/crn65gplus_2d5_lk_v1d0.scs" 2681: Parameter `parn2rf_25' was prev
iously defined. Please try to add `+spice' in command line or option `redefinedparams' in netlist to avoid these type of errors.
ERROR (SFE-59): "/home/cadence/Desktop/Analog_Projects/Folded_Cascoded_AMP/scs_files/crn65gplus_2d5_lk_v1d0.scs" 2682: Parameter `parp1rf_25' was prev
iously defined. Please try to add `+spice' in command line or option `redefinedparams' in netlist to avoid these type of errors.
ERROR (SFE-59): "/home/cadence/Desktop/Analog_Projects/Folded_Cascoded_AMP/scs_files/crn65gplus_2d5_lk_v1d0.scs" 2683: Parameter `parp2rf_25' was prev
iously defined. Please try to add `+spice' in command line or option `redefinedparams' in netlist to avoid these type of errors.
ERROR (SFE-59): "/home/cadence/Desktop/Analog_Projects/Folded_Cascoded_AMP/scs_files/crn65gplus_2d5_lk_v1d0.scs" 2684: Parameter `toxnrf_25' was previ
ously defined. Please try to add `+spice' in command line or option `redefinedparams' in netlist to avoid these type of errors.
ERROR (SFE-59): "/home/cadence/Desktop/Analog_Projects/Folded_Cascoded_AMP/scs_files/crn65gplus_2d5_lk_v1d0.scs" 2685: Parameter `dxlnrf_25' was previ
ously defined. Please try to add `+spice' in command line or option `redefinedparams' in netlist to avoid these type of errors.
ERROR (SFE-59): "/home/cadence/Desktop/Analog_Projects/Folded_Cascoded_AMP/scs_files/crn65gplus_2d5_lk_v1d0.scs" 2686: Parameter `dxwnrf_25' was previ
ously defined. Please try to add `+spice' in command line or option `redefinedparams' in netlist to avoid these type of
           errors.










*Info*    Run start for Point ID (8 1) on testbench [
          Folded_Cascoded_AMP_Lib:Sizing_bench_7_8:1 ].

Resetting statistical vars

*Info*    Setting parameter values ...

Setting var Vds = "1"
Setting var Vgs = "0"
Setting temp(T) = 27

*Info*    Netlist Directory =
          /home/cadence/simulation/Folded_Cascoded_AMP_Lib/Sizing_bench_7_8/adexl/results/data/Interactive.14/1/Folded_Cascoded_AMP_Lib:Sizing_bench_7_8:1/netlist


*Info*    Data Directory    =
          /home/cadence/simulation/Folded_Cascoded_AMP_Lib/Sizing_bench_7_8/adexl/results/data/Interactive.14/1/Folded_Cascoded_AMP_Lib:Sizing_bench_7_8:1


*Info*    Creating Netlist for Point ID (8 1)

generate netlist...
Begin Incremental Netlisting Apr 30 00:54:50 2025
End netlisting Apr 30 00:54:50 2025

	The netlist is up to date.
	Time taken to compare the design with netlist:   0.0s
      ...successful.
compose simulator input file...
      ...successful.

*Info*    Running simulation on testbench [
          Folded_Cascoded_AMP_Lib:Sizing_bench_7_8:1 ] for Point ID
          (8 1).

Delete psf data in /home/cadence/simulation/Folded_Cascoded_AMP_Lib/Sizing_bench_7_8/adexl/results/data/Interactive.14/1/Folded_Cascoded_AMP_Lib:Sizing_bench_7_8:1/psf.
compose simulator input file...
      ...successful.
start simulator if needed...
      ...successful.
simulate...
To view the simulator output, right-click on the test name, result 
name, or any value in the "Results" tab of the Outputs section and 
choose "Output Log" menu option.
INFO (ADE-3067): Errors encountered during simulation. For more information, right-click
        on a test name in the 'Results' tab of the Outputs pane and choose 'Output Log'
        to view the simulation run log.

*Error*   Error ID  = 5011
*Error*   Error Msg = Simulator failed to complete the simulation.

          Error found by spectre during circuit read-in.
Error found
          by spectre during circuit read-in.
ERROR (SFE-59):
          "/home/cadence/Desktop/Analog_Projects/Folded_Cascoded_AMP/scs_files/crn65gplus_2d5_lk_v1d0.scs" 668: Parameter `factor_mos_25_rf' was
 previously defined. Please try to add `+spice' in command line or option `redefinedparams' in netlist to avoid these type of errors.
ERROR (SFE-59): "/home/cadence/Desktop/Analog_Projects/Folded_Cascoded_AMP/scs_files/crn65gplus_2d5_lk_v1d0.scs" 669: Parameter `noiseflagnrf_25' was 
previously defined. Please try to add `+spice' in command line or option `redefinedparams' in netlist to avoid these type of errors.
ERROR (SFE-59): "/home/cadence/Desktop/Analog_Projects/Folded_Cascoded_AMP/scs_files/crn65gplus_2d5_lk_v1d0.scs" 670: Parameter `noiseflagprf_25' was 
previously defined. Please try to add `+spice' in command line or option `redefinedparams' in netlist to avoid these type of errors.
ERROR (SFE-59): "/home/cadence/Desktop/Analog_Projects/Folded_Cascoded_AMP/scs_files/crn65gplus_2d5_lk_v1d0.scs" 2680: Parameter `parn1rf_25' was prev
iously defined. Please try to add `+spice' in command line or option `redefinedparams' in netlist to avoid these type of errors.
ERROR (SFE-59): "/home/cadence/Desktop/Analog_Projects/Folded_Cascoded_AMP/scs_files/crn65gplus_2d5_lk_v1d0.scs" 2681: Parameter `parn2rf_25' was prev
iously defined. Please try to add `+spice' in command line or option `redefinedparams' in netlist to avoid these type of errors.
ERROR (SFE-59): "/home/cadence/Desktop/Analog_Projects/Folded_Cascoded_AMP/scs_files/crn65gplus_2d5_lk_v1d0.scs" 2682: Parameter `parp1rf_25' was prev
iously defined. Please try to add `+spice' in command line or option `redefinedparams' in netlist to avoid these type of errors.
ERROR (SFE-59): "/home/cadence/Desktop/Analog_Projects/Folded_Cascoded_AMP/scs_files/crn65gplus_2d5_lk_v1d0.scs" 2683: Parameter `parp2rf_25' was prev
iously defined. Please try to add `+spice' in command line or option `redefinedparams' in netlist to avoid these type of errors.
ERROR (SFE-59): "/home/cadence/Desktop/Analog_Projects/Folded_Cascoded_AMP/scs_files/crn65gplus_2d5_lk_v1d0.scs" 2684: Parameter `toxnrf_25' was previ
ously defined. Please try to add `+spice' in command line or option `redefinedparams' in netlist to avoid these type of errors.
ERROR (SFE-59): "/home/cadence/Desktop/Analog_Projects/Folded_Cascoded_AMP/scs_files/crn65gplus_2d5_lk_v1d0.scs" 2685: Parameter `dxlnrf_25' was previ
ously defined. Please try to add `+spice' in command line or option `redefinedparams' in netlist to avoid these type of errors.
ERROR (SFE-59): "/home/cadence/Desktop/Analog_Projects/Folded_Cascoded_AMP/scs_files/crn65gplus_2d5_lk_v1d0.scs" 2686: Parameter `dxwnrf_25' was previ
ously defined. Please try to add `+spice' in command line or option `redefinedparams' in netlist to avoid these type of
           errors.





Simulation design variables differ from those on the cellView,
they have been saved in the file "/tmp/saved-design-variables".
To save future changes, copy variables to cellView before exiting.
