*Info*    Exporting services from client ... 

*Info*    Client has finished starting ... 



*Info*    Configuring the session ...

	Library      = Folded_Cascoded_AMP_Lib
	Cell         = Sizing_bench_7_8
	View         = schematic
	Simulator    = spectre
	State Path   = $AXL_SETUPDB_DIR/test_states
	State Name   = Folded_Cascoded_AMP_Lib:Sizing_bench_7_8:1_none_Interactive.15
	Results DB   = /home/cadence/Desktop/Analog_Projects/Folded_Cascoded_AMP/Folded_Cascoded_AMP_Lib/Sizing_bench_7_8/adexl/results/data/Interactive.15.rdb
	Results Dir  = /home/cadence/simulation/Folded_Cascoded_AMP_Lib/Sizing_bench_7_8/adexl/results/data/Interactive.15/1/Folded_Cascoded_AMP_Lib:Sizing_bench_7_8:1
	Results Loc  = /home/cadence/simulation/Folded_Cascoded_AMP_Lib/Sizing_bench_7_8/adexl/results/data
	Project Dir  = /home/cadence/simulation
	Setup DB loc = /home/cadence/Desktop/Analog_Projects/Folded_Cascoded_AMP/Folded_Cascoded_AMP_Lib/Sizing_bench_7_8/adexl
	File Encoding = 0


*Info*    Spectre controlMode is set "batch".






*Info*    Run start for Point ID (9 1) on testbench [
          Folded_Cascoded_AMP_Lib:Sizing_bench_7_8:1 ].

Resetting statistical vars

*Info*    Setting parameter values ...

Setting var Vds = "1"
Setting var Vgs = "0"
Setting temp(T) = 27

*Info*    Netlist Directory =
          /home/cadence/simulation/Folded_Cascoded_AMP_Lib/Sizing_bench_7_8/adexl/results/data/Interactive.15/1/Folded_Cascoded_AMP_Lib:Sizing_bench_7_8:1/netlist


*Info*    Data Directory    =
          /home/cadence/simulation/Folded_Cascoded_AMP_Lib/Sizing_bench_7_8/adexl/results/data/Interactive.15/1/Folded_Cascoded_AMP_Lib:Sizing_bench_7_8:1


*Info*    Creating Netlist for Point ID (9 1)

generate netlist...
Begin Incremental Netlisting Apr 30 00:56:10 2025
End netlisting Apr 30 00:56:10 2025

	The netlist is up to date.
	Time taken to compare the design with netlist:   0.0s
      ...successful.
compose simulator input file...
      ...successful.

*Info*    Running simulation on testbench [
          Folded_Cascoded_AMP_Lib:Sizing_bench_7_8:1 ] for Point ID
          (9 1).

Delete psf data in /home/cadence/simulation/Folded_Cascoded_AMP_Lib/Sizing_bench_7_8/adexl/results/data/Interactive.15/1/Folded_Cascoded_AMP_Lib:Sizing_bench_7_8:1/psf.
compose simulator input file...
      ...successful.
start simulator if needed...
      ...successful.
simulate...
To view the simulator output, right-click on the test name, result 
name, or any value in the "Results" tab of the Outputs section and 
choose "Output Log" menu option.
INFO (ADE-3067): Errors encountered during simulation. For more information, right-click
        on a test name in the 'Results' tab of the Outputs pane and choose 'Output Log'
        to view the simulation run log.

*Error*   Error ID  = 5011
*Error*   Error Msg = Simulator failed to complete the simulation.

          Error found by spectre during hierarchy flattening.
Error
          found by spectre during hierarchy flattening.
ERROR
          (SFE-1996):
          "/home/cadence/Desktop/Analog_Projects/Folded_Cascoded_AMP/scs_files/crn65gplus_2d5_lk_v1d0.scs" 66045: Parameter `temp1': Unknown p
arameter name `parn1_25' found in expression.
ERROR (SFE-1996): "/home/cadence/Desktop/Analog_Projects/Folded_Cascoded_AMP/scs_files/crn65gplus_2d5_lk_v1d0.scs" 66045: Parameter `temp1': Unknown p
arameter name `parn1_25' found in expression.
ERROR (SFE-1999): "/home/cadence/Desktop/Analog_Projects/Folded_Cascoded_AMP/scs_files/crn65gplus_2d5_lk_v1d0.scs" 66056: Model `M0.nch_25.1': paramet
er `lk2': Unknown parameter name `dlk2n_25' found in expression.
ERROR (SFE-1999): "/home/cadence/Desktop/Analog_Projects/Folded_Cascoded_AMP/scs_files/crn65gplus_2d5_lk_v1d0.scs" 66056: Model `M0.nch_25.1': paramet
er `wk2': Unknown parameter name `dwk2n_25' found in expression.
ERROR (SFE-1999): "/home/cadence/Desktop/Analog_Projects/Folded_Cascoded_AMP/scs_files/crn65gplus_2d5_lk_v1d0.scs" 66056: Model `M0.nch_25.1': paramet
er `pk2': Unknown parameter name `dpk2n_25' found in expression.
ERROR (SFE-1999): "/home/cadence/Desktop/Analog_Projects/Folded_Cascoded_AMP/scs_files/crn65gplus_2d5_lk_v1d0.scs" 66056: Model `M0.nch_25.1': paramet
er `rgatemod': Unknown parameter name `rgflag_25' found in expression.
ERROR (SFE-1996): "/home/cadence/Desktop/Analog_Projects/Folded_Cascoded_AMP/scs_files/crn65gplus_2d5_lk_v1d0.scs" 66045: Parameter `temp1': Unknown p
arameter name `parn1_25' found in expression.
ERROR (SFE-1996): "/home/cadence/Desktop/Analog_Projects/Folded_Cascoded_AMP/scs_files/crn65gplus_2d5_lk_v1d0.scs" 66045: Parameter `temp1': Unknown p
arameter name `parn1_25' found in expression.
ERROR (SFE-1996): "/home/cadence/Desktop/Analog_Projects/Folded_Cascoded_AMP/scs_files/crn65gplus_2d5_lk_v1d0.scs" 66045: Parameter `temp1': Unknown p
arameter name `parn1_25' found in expression.
ERROR (SFE-1999): "/home/cadence/Desktop/Analog_Projects/Folded_Cascoded_AMP/scs_files/crn65gplus_2d5_lk_v1d0.scs" 66056: Model `M0.nch_25.1': paramet
er `dlc': Unknown parameter name `dlcn_25' found in expression.
ERROR (SFE-1999): "/home/cadence/Desktop/Analog_Projects/Folded_Cascoded_AMP/scs_files/crn65gplus_2d5_lk_v1d0.scs" 66056: Model `M0.nch_25.1': paramet
er `vth0': Unknown parameter name `dvthn_25' found in expression.
ERROR (SFE-1999): "/home/cadence/Desktop/Analog_Projects/Folded_Cascoded_AMP/scs_files/crn65gplus_2d5_lk_v1d0.scs" 66056: Model `M0.nch_25.1': paramet
er `k2': Unknown parameter name `dk2n_25' found in expression.
ERROR (SFE-1999): "/home/cadence/Desktop/Analog_Projects/Folded_Cascoded_AMP/scs_files/crn65gplus_2d5_lk_v1d0.scs" 66056: Model `M0.nch_25.1': paramet
er `cit': Unknown parameter name `dcitn_25' found in
           expression.










*Info*    Run start for Point ID (9 1) on testbench [
          Folded_Cascoded_AMP_Lib:Sizing_bench_7_8:1 ].

Resetting statistical vars

*Info*    Setting parameter values ...

Setting var Vds = "1"
Setting var Vgs = "0"
Setting temp(T) = 27

*Info*    Netlist Directory =
          /home/cadence/simulation/Folded_Cascoded_AMP_Lib/Sizing_bench_7_8/adexl/results/data/Interactive.15/1/Folded_Cascoded_AMP_Lib:Sizing_bench_7_8:1/netlist


*Info*    Data Directory    =
          /home/cadence/simulation/Folded_Cascoded_AMP_Lib/Sizing_bench_7_8/adexl/results/data/Interactive.15/1/Folded_Cascoded_AMP_Lib:Sizing_bench_7_8:1


*Info*    Creating Netlist for Point ID (9 1)

generate netlist...
Begin Incremental Netlisting Apr 30 00:56:13 2025
End netlisting Apr 30 00:56:13 2025

	The netlist is up to date.
	Time taken to compare the design with netlist:   0.0s
      ...successful.
compose simulator input file...
      ...successful.

*Info*    Running simulation on testbench [
          Folded_Cascoded_AMP_Lib:Sizing_bench_7_8:1 ] for Point ID
          (9 1).

Delete psf data in /home/cadence/simulation/Folded_Cascoded_AMP_Lib/Sizing_bench_7_8/adexl/results/data/Interactive.15/1/Folded_Cascoded_AMP_Lib:Sizing_bench_7_8:1/psf.
compose simulator input file...
      ...successful.
start simulator if needed...
      ...successful.
simulate...
To view the simulator output, right-click on the test name, result 
name, or any value in the "Results" tab of the Outputs section and 
choose "Output Log" menu option.
INFO (ADE-3067): Errors encountered during simulation. For more information, right-click
        on a test name in the 'Results' tab of the Outputs pane and choose 'Output Log'
        to view the simulation run log.

*Error*   Error ID  = 5011
*Error*   Error Msg = Simulator failed to complete the simulation.

          Error found by spectre during hierarchy flattening.
Error
          found by spectre during hierarchy flattening.
ERROR
          (SFE-1996):
          "/home/cadence/Desktop/Analog_Projects/Folded_Cascoded_AMP/scs_files/crn65gplus_2d5_lk_v1d0.scs" 66045: Parameter `temp1': Unknown p
arameter name `parn1_25' found in expression.
ERROR (SFE-1996): "/home/cadence/Desktop/Analog_Projects/Folded_Cascoded_AMP/scs_files/crn65gplus_2d5_lk_v1d0.scs" 66045: Parameter `temp1': Unknown p
arameter name `parn1_25' found in expression.
ERROR (SFE-1999): "/home/cadence/Desktop/Analog_Projects/Folded_Cascoded_AMP/scs_files/crn65gplus_2d5_lk_v1d0.scs" 66056: Model `M0.nch_25.1': paramet
er `lk2': Unknown parameter name `dlk2n_25' found in expression.
ERROR (SFE-1999): "/home/cadence/Desktop/Analog_Projects/Folded_Cascoded_AMP/scs_files/crn65gplus_2d5_lk_v1d0.scs" 66056: Model `M0.nch_25.1': paramet
er `wk2': Unknown parameter name `dwk2n_25' found in expression.
ERROR (SFE-1999): "/home/cadence/Desktop/Analog_Projects/Folded_Cascoded_AMP/scs_files/crn65gplus_2d5_lk_v1d0.scs" 66056: Model `M0.nch_25.1': paramet
er `pk2': Unknown parameter name `dpk2n_25' found in expression.
ERROR (SFE-1999): "/home/cadence/Desktop/Analog_Projects/Folded_Cascoded_AMP/scs_files/crn65gplus_2d5_lk_v1d0.scs" 66056: Model `M0.nch_25.1': paramet
er `rgatemod': Unknown parameter name `rgflag_25' found in expression.
ERROR (SFE-1996): "/home/cadence/Desktop/Analog_Projects/Folded_Cascoded_AMP/scs_files/crn65gplus_2d5_lk_v1d0.scs" 66045: Parameter `temp1': Unknown p
arameter name `parn1_25' found in expression.
ERROR (SFE-1996): "/home/cadence/Desktop/Analog_Projects/Folded_Cascoded_AMP/scs_files/crn65gplus_2d5_lk_v1d0.scs" 66045: Parameter `temp1': Unknown p
arameter name `parn1_25' found in expression.
ERROR (SFE-1996): "/home/cadence/Desktop/Analog_Projects/Folded_Cascoded_AMP/scs_files/crn65gplus_2d5_lk_v1d0.scs" 66045: Parameter `temp1': Unknown p
arameter name `parn1_25' found in expression.
ERROR (SFE-1999): "/home/cadence/Desktop/Analog_Projects/Folded_Cascoded_AMP/scs_files/crn65gplus_2d5_lk_v1d0.scs" 66056: Model `M0.nch_25.1': paramet
er `dlc': Unknown parameter name `dlcn_25' found in expression.
ERROR (SFE-1999): "/home/cadence/Desktop/Analog_Projects/Folded_Cascoded_AMP/scs_files/crn65gplus_2d5_lk_v1d0.scs" 66056: Model `M0.nch_25.1': paramet
er `vth0': Unknown parameter name `dvthn_25' found in expression.
ERROR (SFE-1999): "/home/cadence/Desktop/Analog_Projects/Folded_Cascoded_AMP/scs_files/crn65gplus_2d5_lk_v1d0.scs" 66056: Model `M0.nch_25.1': paramet
er `k2': Unknown parameter name `dk2n_25' found in expression.
ERROR (SFE-1999): "/home/cadence/Desktop/Analog_Projects/Folded_Cascoded_AMP/scs_files/crn65gplus_2d5_lk_v1d0.scs" 66056: Model `M0.nch_25.1': paramet
er `cit': Unknown parameter name `dcitn_25' found in
           expression.





Simulation design variables differ from those on the cellView,
they have been saved in the file "/tmp/saved-design-variables".
To save future changes, copy variables to cellView before exiting.
