*Info*    Exporting services from client ... 

*Info*    Client has finished starting ... 



*Info*    Configuring the session ...

	Library      = Folded_Cascoded_AMP_Lib
	Cell         = FinalCircuit
	View         = schematic
	Simulator    = spectre
	State Path   = $AXL_SETUPDB_DIR/test_states
	State Name   = Folded_Cascoded_AMP_Lib:FinalCircuit:1_none_Interactive.4
	Results DB   = /home/cadence/Desktop/Analog_Projects/Folded_Cascoded_AMP/Folded_Cascoded_AMP_Lib/FinalCircuit/adexl/results/data/Interactive.4.rdb
	Results Dir  = /home/cadence/simulation/Folded_Cascoded_AMP_Lib/FinalCircuit/adexl/results/data/Interactive.4/1/Folded_Cascoded_AMP_Lib:FinalCircuit:1
	Results Loc  = /home/cadence/simulation/Folded_Cascoded_AMP_Lib/FinalCircuit/adexl/results/data
	Project Dir  = /home/cadence/simulation
	Setup DB loc = /home/cadence/Desktop/Analog_Projects/Folded_Cascoded_AMP/Folded_Cascoded_AMP_Lib/FinalCircuit/adexl
	File Encoding = 0


*Info*    Spectre controlMode is set "batch".






*Info*    Run start for Point ID (4 1) on testbench [
          Folded_Cascoded_AMP_Lib:FinalCircuit:1 ].

Resetting statistical vars

*Info*    Setting parameter values ...

Setting var V = "2.2"
Setting temp(T) = 27

*Info*    Netlist Directory =
          /home/cadence/simulation/Folded_Cascoded_AMP_Lib/FinalCircuit/adexl/results/data/Interactive.4/1/Folded_Cascoded_AMP_Lib:FinalCircuit:1/netlist


*Info*    Data Directory    =
          /home/cadence/simulation/Folded_Cascoded_AMP_Lib/FinalCircuit/adexl/results/data/Interactive.4/1/Folded_Cascoded_AMP_Lib:FinalCircuit:1


*Info*    Creating Netlist for Point ID (4 1)

generate netlist...
Begin Incremental Netlisting May  1 19:48:32 2025
End netlisting May  1 19:48:32 2025

Netlisting Statistics:
	Number of components:    6

	Elapsed time:          0.0s
Errors: 0	Warnings: 0
      ...successful.
compose simulator input file...
      ...successful.

*Info*    Running simulation on testbench [
          Folded_Cascoded_AMP_Lib:FinalCircuit:1 ] for Point ID (4 1).

Delete psf data in /home/cadence/simulation/Folded_Cascoded_AMP_Lib/FinalCircuit/adexl/results/data/Interactive.4/1/Folded_Cascoded_AMP_Lib:FinalCircuit:1/psf.
compose simulator input file...
      ...successful.
start simulator if needed...
      ...successful.
simulate...
To view the simulator output, right-click on the test name, result 
name, or any value in the "Results" tab of the Outputs section and 
choose "Output Log" menu option.
INFO (ADE-3067): Errors encountered during simulation. For more information, right-click
        on a test name in the 'Results' tab of the Outputs pane and choose 'Output Log'
        to view the simulation run log.

*Error*   Error ID  = 5011
*Error*   Error Msg = Simulator failed to complete the simulation.

          Error found by spectre during initial setup.
Error found by
          spectre during initial setup.
ERROR (CMI-2440): I0.M2:
          Instance length width or area does not fit the given
          lmax-lmin, wmax-wmin or areamax-areamin range for any model
          in the `I0.M
2.nch_33' group. The nearest model could be
          chosen by setting option soft_bin=allmodels.










*Info*    Run start for Point ID (4 1) on testbench [
          Folded_Cascoded_AMP_Lib:FinalCircuit:1 ].

Resetting statistical vars

*Info*    Setting parameter values ...

Setting var V = "2.2"
Setting temp(T) = 27

*Info*    Netlist Directory =
          /home/cadence/simulation/Folded_Cascoded_AMP_Lib/FinalCircuit/adexl/results/data/Interactive.4/1/Folded_Cascoded_AMP_Lib:FinalCircuit:1/netlist


*Info*    Data Directory    =
          /home/cadence/simulation/Folded_Cascoded_AMP_Lib/FinalCircuit/adexl/results/data/Interactive.4/1/Folded_Cascoded_AMP_Lib:FinalCircuit:1


*Info*    Creating Netlist for Point ID (4 1)

generate netlist...
Begin Incremental Netlisting May  1 19:48:37 2025
End netlisting May  1 19:48:37 2025

	The netlist is up to date.
	Time taken to compare the design with netlist:   0.0s
      ...successful.
compose simulator input file...
      ...successful.

*Info*    Running simulation on testbench [
          Folded_Cascoded_AMP_Lib:FinalCircuit:1 ] for Point ID (4 1).

Delete psf data in /home/cadence/simulation/Folded_Cascoded_AMP_Lib/FinalCircuit/adexl/results/data/Interactive.4/1/Folded_Cascoded_AMP_Lib:FinalCircuit:1/psf.
compose simulator input file...
      ...successful.
start simulator if needed...
      ...successful.
simulate...
To view the simulator output, right-click on the test name, result 
name, or any value in the "Results" tab of the Outputs section and 
choose "Output Log" menu option.
INFO (ADE-3067): Errors encountered during simulation. For more information, right-click
        on a test name in the 'Results' tab of the Outputs pane and choose 'Output Log'
        to view the simulation run log.

*Error*   Error ID  = 5011
*Error*   Error Msg = Simulator failed to complete the simulation.

          Error found by spectre during initial setup.
Error found by
          spectre during initial setup.
ERROR (CMI-2440): I0.M2:
          Instance length width or area does not fit the given
          lmax-lmin, wmax-wmin or areamax-areamin range for any model
          in the `I0.M
2.nch_33' group. The nearest model could be
          chosen by setting option soft_bin=allmodels.





Simulation design variables differ from those on the cellView,
they have been saved in the file "/tmp/saved-design-variables".
To save future changes, copy variables to cellView before exiting.
