*Info*    Exporting services from client ... 

*Info*    Client has finished starting ... 



*Info*    Configuring the session ...

	Library      = Folded_Cascoded_AMP_Lib
	Cell         = FinalCircuit
	View         = schematic
	Simulator    = spectre
	State Path   = $AXL_SETUPDB_DIR/test_states
	State Name   = Folded_Cascoded_AMP_Lib:FinalCircuit:1_none_Interactive.8
	Results DB   = /home/cadence/Desktop/Analog_Projects/Folded_Cascoded_AMP/Folded_Cascoded_AMP_Lib/FinalCircuit/adexl/results/data/Interactive.8.rdb
	Results Dir  = /home/cadence/simulation/Folded_Cascoded_AMP_Lib/FinalCircuit/adexl/results/data/Interactive.8/1/Folded_Cascoded_AMP_Lib:FinalCircuit:1
	Results Loc  = /home/cadence/simulation/Folded_Cascoded_AMP_Lib/FinalCircuit/adexl/results/data
	Project Dir  = /home/cadence/simulation
	Setup DB loc = /home/cadence/Desktop/Analog_Projects/Folded_Cascoded_AMP/Folded_Cascoded_AMP_Lib/FinalCircuit/adexl
	File Encoding = 0


*Info*    Spectre controlMode is set "batch".






*Info*    Run start for Point ID (8 1) on testbench [
          Folded_Cascoded_AMP_Lib:FinalCircuit:1 ].

Resetting statistical vars

*Info*    Setting parameter values ...

Setting var V = "2.2"
Setting temp(T) = 27

*Info*    Netlist Directory =
          /home/cadence/simulation/Folded_Cascoded_AMP_Lib/FinalCircuit/adexl/results/data/Interactive.8/1/Folded_Cascoded_AMP_Lib:FinalCircuit:1/netlist


*Info*    Data Directory    =
          /home/cadence/simulation/Folded_Cascoded_AMP_Lib/FinalCircuit/adexl/results/data/Interactive.8/1/Folded_Cascoded_AMP_Lib:FinalCircuit:1


*Info*    Creating Netlist for Point ID (8 1)

generate netlist...
Begin Incremental Netlisting May  1 19:54:06 2025
End netlisting May  1 19:54:06 2025

Netlisting Statistics:
	Number of components:    6

	Elapsed time:          0.0s
Errors: 0	Warnings: 0
      ...successful.
compose simulator input file...
      ...successful.

*Info*    Running simulation on testbench [
          Folded_Cascoded_AMP_Lib:FinalCircuit:1 ] for Point ID (8 1).

Delete psf data in /home/cadence/simulation/Folded_Cascoded_AMP_Lib/FinalCircuit/adexl/results/data/Interactive.8/1/Folded_Cascoded_AMP_Lib:FinalCircuit:1/psf.
compose simulator input file...
      ...successful.
start simulator if needed...
      ...successful.
simulate...
To view the simulator output, right-click on the test name, result 
name, or any value in the "Results" tab of the Outputs section and 
choose "Output Log" menu option.
INFO (ADE-3071): Simulation completed successfully.
reading simulation data...
      ...successful.
*Info*    Client has finished evaluating ... 

WARNING (ADE-1058): Symbol(s) named " 'VOUT' " used in the definition of dependent expression
        'VOUT'
      have not been defined as expressions. This may result in evaluation errors or ambiguous values for the dependent expression.
      Either add these symbol(s) as expression(s) in the Outputs or remove them from the definition of the dependent expression. 
Only symbol and string results name are supported in this function!ERROR (ADEXL-2708): Evaluation of output 'VOUT' failed for point:'1' test:'Folded_Cascoded_AMP_Lib:FinalCircuit:1'
	Expression:'VOUT'
	because of the following error(s)
	*Error* eval: unbound variable.
Ensure that the definition of output is correct.


*Info*    Run complete for Point ID (8 1) on testbench [
          Folded_Cascoded_AMP_Lib:FinalCircuit:1 ].





Simulation design variables differ from those on the cellView,
they have been saved in the file "/tmp/saved-design-variables".
To save future changes, copy variables to cellView before exiting.
