\# Program start time UTC 2025.05.02 03:22:54.351
\# Local time Thursday 1 May 2025, 11:22 pm
\o Program:		@(#)$CDS: virtuoso version 6.1.7-64b 11/09/2015 12:45 (sjfnl165) $
\o Hierarchy:		/usr/local/cadence/IC617/tools.lnx86/dfII/
\o Sub version:		sub-version  IC6.1.7-64b.78  (64-bit addresses)
\# Command line:	/usr/local/cadence/IC617/tools.lnx86/dfII/bin/64bit/virtuoso -noautostart -mpssession virtuoso20954 -mpshost berkeley -davinciService DaVinciService_20954_1746155481 -log /home/cadence/Desktop/Analog_Projects/Folded_Cascoded_AMP/logs_cadence/logs0/Job9.log -licenseLockFileName /home/cadence/Desktop/Analog_Projects/Folded_Cascoded_AMP/.tmp_cadence/.berkeley_20954 -nograph -nostdin -axlChildIdFlag 9
\# Host name (type):	berkeley (x86_64)
\# Operating system:	Linux 3.16.0-11-amd64 #1 SMP Debian 3.16.84-1 (2020-06-09)
\# Linux /etc/issue:	Debian GNU/Linux 8 \n \l
\# X display name (WxH):	berkeley:80 (1024x868)
\# Available geometry:			TL(0:0) BR(1023:867)
\# X server:			RealVNC Ltd (VNC nograph server, PID 22267)
\# Depth of Visual (Root):	16 (16)
\# Number of Planes Used:	16
\# X version:		11.0 (vendor release 3370)
\# X resource pool:	base 0x800000, mask 0x3fffff (4194303), shift 0
\# 			current id 0x0, current max 0x3ffffa (4194298)
\# Max data seg size:	     unlimited
\# Max process size:	     unlimited
\# Initial sbrk value:	        371 MB
\# Available memory:	     11,631 MB
\# System memory:	     14,114 MB
\# Maximum memory size:	     13,823 MB
\# Max mem available:	     11,711 MB
\# Initial memory used:	         80 MB
\#        process size:	        890 MB
\# Qt version:		4.8.5
\# Window Manager:	other
\# User Name:		cadence
\o Working Directory:	berkeley:/home/cadence/Desktop/Analog_Projects/Folded_Cascoded_AMP
\# Process Id:		22274
\o 
\o COPYRIGHT © 1992-2015  CADENCE DESIGN SYSTEMS INC.  ALL RIGHTS RESERVED.
\o           © 1992-2015  UNIX SYSTEMS Laboratories INC.,
\o                          Reproduced with permission.
\o 
\o This Cadence Design Systems program and online documentation are
\o proprietary/confidential information and may be disclosed/used only
\o as authorized in a license agreement controlling such use and disclosure.
\o 
\o           RESTRICTED RIGHTS NOTICE (SHORT FORM)
\o Use/reproduction/disclosure is subject to restriction
\o set forth at FAR 1252.227-19 or its equivalent.
\o Loading geView.cxt 
\o Loading menuBuilder.cxt 
\o Loading schView.cxt 
\o Loading selectSv.cxt 
\o Loading wireEdit.cxt 
\o Loading pte2.cxt 
\o Loading xlUI.cxt 
\o Loading auCore.cxt 
\o Loading vhdl.cxt 
\o Loading seismic.cxt 
\o Loading ci.cxt 
\o Loading ams.cxt 
\o Loading oasis.cxt 
\o Loading analog.cxt 
\o Loading asimenv.cxt 
\o Loading socket.cxt 
\o Loading dal.cxt 
\o Loading awv.cxt 
\o Loading par.cxt 
\o Loading alvs.cxt 
\o Loading caa.cxt 
\o Loading adexl.cxt 
\o *Info*    Exporting services from client ... 
\o 
\o *Info*    Client has finished starting ... 
\o 
\p > 
\a _treeSetOpcGUI(t)
\r t
\o 
\o 
\o *Info*    Configuring the session ...
\o 
\o 	Library      = Folded_Cascoded_AMP_Lib
\o 	Cell         = Sizing_N
\o 	View         = schematic
\o 	Simulator    = spectre
\o 	State Path   = $AXL_SETUPDB_DIR/test_states
\o 	State Name   = Folded_Cascoded_AMP_Lib:Sizing_N:1_none_Interactive.2
\o 	Results DB   = /home/cadence/Desktop/Analog_Projects/Folded_Cascoded_AMP/Folded_Cascoded_AMP_Lib/Sizing_N/adexl/results/data/Interactive.2.rdb
\o 	Results Dir  = /home/cadence/simulation/Folded_Cascoded_AMP_Lib/Sizing_N/adexl/results/data/Interactive.2/1/Folded_Cascoded_AMP_Lib:Sizing_N:1
\o 	Results Loc  = /home/cadence/simulation/Folded_Cascoded_AMP_Lib/Sizing_N/adexl/results/data
\o 	Project Dir  = /home/cadence/simulation
\o 	Setup DB loc = /home/cadence/Desktop/Analog_Projects/Folded_Cascoded_AMP/Folded_Cascoded_AMP_Lib/Sizing_N/adexl
\o 	File Encoding = 0
\o 
\o 
\o Loading simui.cxt 
\o Loading viva.cxt 
\o *Info*    Spectre controlMode is set "batch".
\o 
\o Loading spectrei.cxt 
\# Memory report: using         225 MB, process size 1,167 MB at UTC 2025.05.02 03:22:56.417
\o Loading devCheck.cxt 
\o Loading relXpert.cxt 
\o Initializing from libInit.il for library tsmcN65...
\e *Error* getDirFiles: nonexistent or permission denied - "/home/cadence/Desktop/Analog_Projects/Folded_Cascoded_AMP/tsmcN65/../skill"
\o Loading hspiceD.cxt 
\o Loading spectreinl.cxt 
\o Loading msgHandler.cxt 
\o Loading UltraSim.cxt 
\o Loading AMSOSS.cxt 
\o Loading AMS.cxt 
\o 
\o 
\o 
\o 
\o 
\o *Info*    Run start for Point ID (2 1) on testbench [
\o           Folded_Cascoded_AMP_Lib:Sizing_N:1 ].
\o 
\o Resetting statistical vars
\o 
\o *Info*    Setting parameter values ...
\o 
\o Setting var Ln = "300n"
\o Setting var Vds = "1"
\o Setting var Vgs = "0"
\o Setting var Wn = "10u"
\o Setting temp(T) = 27
\o 
\o *Info*    Netlist Directory =
\o           /home/cadence/simulation/Folded_Cascoded_AMP_Lib/Sizing_N/adexl/results/data/Interactive.2/1/Folded_Cascoded_AMP_Lib:Sizing_N:1/netlist
\o 
\o 
\o *Info*    Data Directory    =
\o           /home/cadence/simulation/Folded_Cascoded_AMP_Lib/Sizing_N/adexl/results/data/Interactive.2/1/Folded_Cascoded_AMP_Lib:Sizing_N:1
\o 
\o 
\o *Info*    Creating Netlist for Point ID (2 1)
\o 
\o generate netlist...
\o Loading seCore.cxt 
\o Begin Incremental Netlisting May  1 23:22:58 2025
\o End netlisting May  1 23:22:58 2025
\o Loading monte.cxt 
\o 
\o 	The netlist is up to date.
\o 	Time taken to compare the design with netlist:   0.0s
\o       ...successful.
\o compose simulator input file...
\o       ...successful.
\o 
\o *Info*    Running simulation on testbench [
\o           Folded_Cascoded_AMP_Lib:Sizing_N:1 ] for Point ID (2 1).
\o 
\o Delete psf data in /home/cadence/simulation/Folded_Cascoded_AMP_Lib/Sizing_N/adexl/results/data/Interactive.2/1/Folded_Cascoded_AMP_Lib:Sizing_N:1/psf.
\o compose simulator input file...
\o       ...successful.
\o start simulator if needed...
\o       ...successful.
\o simulate...
\o To view the simulator output, right-click on the test name, result 
\o name, or any value in the "Results" tab of the Outputs section and 
\o choose "Output Log" menu option.
\o Loading paraplot.cxt 
\o INFO (ADE-3071): Simulation completed successfully.
\o reading simulation data...
\o       ...successful.
\o *Info*    Client has finished evaluating ... 
\o 
\# Available memory:         11,431 MB at UTC 2025.05.02 03:23:04.291
\# Memory report: Maximum memory size now 11,719 MB at UTC 2025.05.02 03:23:04.291
\o 
\o *Info*    Run complete for Point ID (2 1) on testbench [
\o           Folded_Cascoded_AMP_Lib:Sizing_N:1 ].
\o 
\o 
\o 
\o 
\o 
\o 
\o 
\o 
\o 
\o 
\o *Info*    Run start for Point ID (2 2) on testbench [
\o           Folded_Cascoded_AMP_Lib:Sizing_N:1 ].
\o 
\o Resetting statistical vars
\o 
\o *Info*    Setting parameter values ...
\o 
\o Setting var Ln = "400n"
\o 
\o *Info*    Netlist Directory =
\o           /home/cadence/simulation/Folded_Cascoded_AMP_Lib/Sizing_N/adexl/results/data/Interactive.2/2/Folded_Cascoded_AMP_Lib:Sizing_N:1/netlist
\o 
\o 
\o *Info*    Data Directory    =
\o           /home/cadence/simulation/Folded_Cascoded_AMP_Lib/Sizing_N/adexl/results/data/Interactive.2/2/Folded_Cascoded_AMP_Lib:Sizing_N:1
\o 
\o 
\o *Info*    Creating Netlist for Point ID (2 2)
\o 
\o generate netlist...
\o Begin Incremental Netlisting May  1 23:23:04 2025
\o End netlisting May  1 23:23:04 2025
\o 
\o 	The netlist is up to date.
\o 	Time taken to compare the design with netlist:   0.0s
\o       ...successful.
\o compose simulator input file...
\o       ...successful.
\o 
\o *Info*    Running simulation on testbench [
\o           Folded_Cascoded_AMP_Lib:Sizing_N:1 ] for Point ID (2 2).
\o 
\o Delete psf data in /home/cadence/simulation/Folded_Cascoded_AMP_Lib/Sizing_N/adexl/results/data/Interactive.2/2/Folded_Cascoded_AMP_Lib:Sizing_N:1/psf.
\o compose simulator input file...
\o       ...successful.
\o start simulator if needed...
\o       ...successful.
\o simulate...
\o To view the simulator output, right-click on the test name, result 
\o name, or any value in the "Results" tab of the Outputs section and 
\o choose "Output Log" menu option.
\o INFO (ADE-3071): Simulation completed successfully.
\o reading simulation data...
\o       ...successful.
\o *Info*    Client has finished evaluating ... 
\o 
\o 
\o *Info*    Run complete for Point ID (2 2) on testbench [
\o           Folded_Cascoded_AMP_Lib:Sizing_N:1 ].
\o 
\o 
\o 
\o 
\o 
\o 
\o 
\o 
\o 
\o 
\o *Info*    Run start for Point ID (2 3) on testbench [
\o           Folded_Cascoded_AMP_Lib:Sizing_N:1 ].
\o 
\o Resetting statistical vars
\o 
\o *Info*    Setting parameter values ...
\o 
\o Setting var Ln = "500n"
\o 
\o *Info*    Netlist Directory =
\o           /home/cadence/simulation/Folded_Cascoded_AMP_Lib/Sizing_N/adexl/results/data/Interactive.2/3/Folded_Cascoded_AMP_Lib:Sizing_N:1/netlist
\o 
\o 
\o *Info*    Data Directory    =
\o           /home/cadence/simulation/Folded_Cascoded_AMP_Lib/Sizing_N/adexl/results/data/Interactive.2/3/Folded_Cascoded_AMP_Lib:Sizing_N:1
\o 
\o 
\o *Info*    Creating Netlist for Point ID (2 3)
\o 
\o generate netlist...
\o Begin Incremental Netlisting May  1 23:23:10 2025
\o End netlisting May  1 23:23:10 2025
\o 
\o 	The netlist is up to date.
\o 	Time taken to compare the design with netlist:   0.0s
\o       ...successful.
\o compose simulator input file...
\o       ...successful.
\o 
\o *Info*    Running simulation on testbench [
\o           Folded_Cascoded_AMP_Lib:Sizing_N:1 ] for Point ID (2 3).
\o 
\o Delete psf data in /home/cadence/simulation/Folded_Cascoded_AMP_Lib/Sizing_N/adexl/results/data/Interactive.2/3/Folded_Cascoded_AMP_Lib:Sizing_N:1/psf.
\o compose simulator input file...
\o       ...successful.
\o start simulator if needed...
\o       ...successful.
\o simulate...
\o To view the simulator output, right-click on the test name, result 
\o name, or any value in the "Results" tab of the Outputs section and 
\o choose "Output Log" menu option.
\o INFO (ADE-3071): Simulation completed successfully.
\o reading simulation data...
\o       ...successful.
\o *Info*    Client has finished evaluating ... 
\o 
\o 
\o *Info*    Run complete for Point ID (2 3) on testbench [
\o           Folded_Cascoded_AMP_Lib:Sizing_N:1 ].
\o 
\o 
\o 
\o 
\o 
\# Memory report: Maximum memory size now 11,472 MB at UTC 2025.05.02 03:25:44.360
\o Simulation design variables differ from those on the cellView,
\o they have been saved in the file "/tmp/saved-design-variables".
\o To save future changes, copy variables to cellView before exiting.
\o Loading lce.cxt 
\o 
\o *Info*    Received signal SIGTERM.
\o 
\o 
\# Memory report: on exit            289 MB, process size 1,231 MB at UTC 2025.05.02 03:28:15.797
\# Memory report: peak usage         289 MB, process size 1,231 MB
