\o Program:		@(#)$CDS: libManager version 6.1.7 - CAT35 10/18/2015 00:06 (sjfnl678) $
\o Sub version:		sub-version  p009 
\o Arguments:		-unmapped -mpssession virtuoso1518 -mpshost berkeley 
\o Working Directory:	berkeley:/home/cadence/Desktop/Analog_Projects/Filter_Approximation
\o 64-bit offsets
\o Qt version: 		4.8.5
\o changeWorkingDir("/home/cadence/Desktop/Analog_Projects/Filter_Approximation") unnecessary.
\o ddSetForcedLib("") unnecessary.
\o Log file is "/home/cadence/Desktop/Analog_Projects/Filter_Approximation/libManager.log".
\o Opening libManager window.
\a nrSetWindowVisibility(cdsLibManager "show")
\o MPS service: map window
\o Library Manager customization server connected.
\a nrSetCurrentWindow(cdsLibManager)
\w Warning: The directory: '/home/cadence/Desktop/Analog_Projects/Filter_Approximation/Filter_Approx' does not exist
\w 	but was defined in libFile '/home/cadence/Desktop/Analog_Projects/Filter_Approximation/cds.lib' for Lib 'Filter_Approx'.
\a nrResizeWindow(cdsLibManager list(0 31 1912 874))
\a cdsLibManager->libListBox->value = "Filter_Approx_Lib"
\a cdsLibManager->libLineEdit->value = "Filter_Approx_Lib"
\a cdsLibManager->cellListBox->value = "Filter_Approx"
\a nrListItemAction(cdsLibManager->cellListBox 0 0)
\o MPS request: edit design
\a cdsLibManager->libListBox->value = nil
\a cdsLibManager->cellListBox->value = nil
\a cdsLibManager->libLineEdit->value = ""
\w Warning: The directory: '/home/cadence/Desktop/Analog_Projects/Filter_Approximation/Filter_Approx' does not exist
\w 	but was defined in libFile '/home/cadence/Desktop/Analog_Projects/Filter_Approximation/cds.lib' for Lib 'Filter_Approx'.
\a cdsLibManager->libListBox->value = "Filter_Approx_Lib"
\a cdsLibManager->libLineEdit->value = "Filter_Approx_Lib"
\a cdsLibManager->cellListBox->value = "Filter_Approx"
\a cdsLibManager->cellLineEdit->value = "Filter_Approx"
\a nrSetCurrentWindow(cdsLibManager)
\a cdsLibManager->libListBox->value = nil
\a cdsLibManager->cellListBox->value = nil
\a cdsLibManager->libLineEdit->value = ""
\w Warning: The directory: '/home/cadence/Desktop/Analog_Projects/Filter_Approximation/Filter_Approx' does not exist
\w 	but was defined in libFile '/home/cadence/Desktop/Analog_Projects/Filter_Approximation/cds.lib' for Lib 'Filter_Approx'.
\a cdsLibManager->libListBox->value = "Filter_Approx_Lib"
\a cdsLibManager->libLineEdit->value = "Filter_Approx_Lib"
\a cdsLibManager->cellListBox->value = "Filter_Approx"
\a cdsLibManager->cellLineEdit->value = "Filter_Approx"
\a _lmgrCloseIconify("cdsLibManager" 1)
\a nrSetCurrentWindow(cdsLibManager)
\a nrSetCurrentWindow(cdsLibManager)
\a nrSetCurrentWindow(cdsLibManager)
\a nrSetCurrentWindow(cdsLibManager)
\a nrSetCurrentWindow(cdsLibManager)
\a _lmgrCloseIconify("cdsLibManager" 1)
\a nrSetCurrentWindow(cdsLibManager)
\a _lmgrCloseIconify("cdsLibManager" 1)
\o MPS service: shutdown
\o libManager is exiting.
\a nrSetWindowVisibility(cdsLibManager "hide")
\a exit(0)
