\# Program start time UTC 2025.06.05 08:08:40.474
\# Local time Thursday 5 June 2025, 4:08 am
\o Program:		@(#)$CDS: virtuoso version 6.1.7-64b 11/09/2015 12:45 (sjfnl165) $
\o Hierarchy:		/usr/local/cadence/IC617/tools.lnx86/dfII/
\o Sub version:		sub-version  IC6.1.7-64b.78  (64-bit addresses)
\# Command line:	/usr/local/cadence/IC617/tools.lnx86/dfII/bin/64bit/virtuoso -noautostart -mpssession virtuoso1518 -mpshost berkeley -davinciService DaVinciService_1518_1749110914 -log /home/cadence/Desktop/Analog_Projects/Filter_Approximation/logs_cadence/logs0/Job0.log -licenseLockFileName /home/cadence/Desktop/Analog_Projects/Filter_Approximation/.tmp_cadence/.berkeley_1518 -nograph -nostdin -axlChildIdFlag 0
\# Host name (type):	berkeley (x86_64)
\# Operating system:	Linux 3.16.0-11-amd64 #1 SMP Debian 3.16.84-1 (2020-06-09)
\# Linux /etc/issue:	Debian GNU/Linux 8 \n \l
\# X display name (WxH):	berkeley:80 (1024x868)
\# Available geometry:			TL(0:0) BR(1023:867)
\# X server:			RealVNC Ltd (VNC nograph server, PID 1856)
\# Depth of Visual (Root):	16 (16)
\# Number of Planes Used:	16
\# X version:		11.0 (vendor release 3370)
\# X resource pool:	base 0x800000, mask 0x3fffff (4194303), shift 0
\# 			current id 0x0, current max 0x3ffffa (4194298)
\# Max data seg size:	     unlimited
\# Max process size:	     unlimited
\# Initial sbrk value:	        369 MB
\# Available memory:	     15,275 MB
\# System memory:	     16,042 MB
\# Maximum memory size:	     15,753 MB
\# Max mem available:	     15,355 MB
\# Initial memory used:	         80 MB
\#        process size:	        890 MB
\# Qt version:		4.8.5
\# Window Manager:	other
\# User Name:		cadence
\o Working Directory:	berkeley:/home/cadence/Desktop/Analog_Projects/Filter_Approximation
\# Process Id:		1863
\o 
\o COPYRIGHT © 1992-2015  CADENCE DESIGN SYSTEMS INC.  ALL RIGHTS RESERVED.
\o           © 1992-2015  UNIX SYSTEMS Laboratories INC.,
\o                          Reproduced with permission.
\o 
\o This Cadence Design Systems program and online documentation are
\o proprietary/confidential information and may be disclosed/used only
\o as authorized in a license agreement controlling such use and disclosure.
\o 
\o           RESTRICTED RIGHTS NOTICE (SHORT FORM)
\o Use/reproduction/disclosure is subject to restriction
\o set forth at FAR 1252.227-19 or its equivalent.
\o Loading geView.cxt 
\o Loading menuBuilder.cxt 
\o Loading schView.cxt 
\o Loading selectSv.cxt 
\o Loading wireEdit.cxt 
\o Loading pte2.cxt 
\o Loading xlUI.cxt 
\o Loading auCore.cxt 
\o Loading vhdl.cxt 
\o Loading seismic.cxt 
\o Loading ci.cxt 
\o Loading ams.cxt 
\o Loading oasis.cxt 
\o Loading analog.cxt 
\o Loading asimenv.cxt 
\o Loading socket.cxt 
\o Loading dal.cxt 
\o Loading awv.cxt 
\o Loading par.cxt 
\o Loading alvs.cxt 
\o Loading caa.cxt 
\o Loading adexl.cxt 
\o *Info*    Exporting services from client ... 
\o 
\# Memory report: using         192 MB, process size 1,135 MB at UTC 2025.06.05 08:08:42.075
\w *WARNING* The directory: '/home/cadence/Desktop/Analog_Projects/Filter_Approximation/Filter_Approx' does not exist
\w 	but was defined in libFile '/home/cadence/Desktop/Analog_Projects/Filter_Approximation/cds.lib' for Lib 'Filter_Approx'.
\o *Info*    Client has finished starting ... 
\o 
\p > 
\a _treeSetOpcGUI(t)
\r t
\# Available memory:         15,116 MB at UTC 2025.06.05 08:08:50.803
\# Memory report: Maximum memory size now 15,310 MB at UTC 2025.06.05 08:08:50.803
\# Memory report: Maximum memory size now 14,995 MB at UTC 2025.06.05 08:11:10.946
\o Job 0 timed out after no activity in 300 seconds.
\o Loading lce.cxt 
\# Memory report: on exit            195 MB, process size 1,137 MB at UTC 2025.06.05 08:13:42.552
\# Memory report: peak usage         195 MB, process size 1,137 MB
