*Info*    Exporting services from client ... 

*Info*    Client has finished starting ... 



*Info*    Configuring the session ...

	Library      = Filter_Approx_Lib
	Cell         = Filter_Approx
	View         = schematic
	Simulator    = spectre
	State Path   = $AXL_SETUPDB_DIR/test_states
	State Name   = Filter_Approx_Lib:Filter_Approx:1_none_Interactive.4
	Results DB   = /home/cadence/Desktop/Analog_Projects/Filter_Approximation/Filter_Approx_Lib/Filter_Approx/adexl/results/data/Interactive.4.rdb
	Results Dir  = /home/cadence/simulation/Filter_Approx_Lib/Filter_Approx/adexl/results/data/Interactive.4/1/Filter_Approx_Lib:Filter_Approx:1
	Results Loc  = /home/cadence/simulation/Filter_Approx_Lib/Filter_Approx/adexl/results/data
	Project Dir  = /home/cadence/simulation
	Setup DB loc = /home/cadence/Desktop/Analog_Projects/Filter_Approximation/Filter_Approx_Lib/Filter_Approx/adexl
	File Encoding = 0


*Info*    Spectre controlMode is set "batch".






*Info*    Run start for Point ID (4 1) on testbench [
          Filter_Approx_Lib:Filter_Approx:1 ].

Resetting statistical vars

*Info*    Setting parameter values ...

Setting var C1 = "5.627p"
Setting var C2 = "5.627p"
Setting var C3 = "5.627p"
Setting var C_BW = "0"
Setting var H01 = "0.4976"
Setting var H02 = "0.4976"
Setting var H03 = "0.4976"
Setting var Q1 = "5"
Setting var Q2 = "5.474"
Setting var Q3 = "6"
Setting var R1 = "1k"
Setting var R2 = "1k"
Setting var R3 = "1k"
Setting var R_BW = "0"
Setting var Vin_AC = "1"
Setting temp(T) = 27

*Info*    Netlist Directory =
          /home/cadence/simulation/Filter_Approx_Lib/Filter_Approx/adexl/results/data/Interactive.4/1/Filter_Approx_Lib:Filter_Approx:1/netlist


*Info*    Data Directory    =
          /home/cadence/simulation/Filter_Approx_Lib/Filter_Approx/adexl/results/data/Interactive.4/1/Filter_Approx_Lib:Filter_Approx:1


*Info*    Creating Netlist for Point ID (4 1)

generate netlist...
Begin Incremental Netlisting Jun  4 23:50:05 2025
End netlisting Jun  4 23:50:05 2025

	The netlist is up to date.
	Time taken to compare the design with netlist:   0.0s
      ...successful.
compose simulator input file...
      ...successful.

*Info*    Running simulation on testbench [
          Filter_Approx_Lib:Filter_Approx:1 ] for Point ID (4 1).

Delete psf data in /home/cadence/simulation/Filter_Approx_Lib/Filter_Approx/adexl/results/data/Interactive.4/1/Filter_Approx_Lib:Filter_Approx:1/psf.
compose simulator input file...
      ...successful.
start simulator if needed...
      ...successful.
simulate...
To view the simulator output, right-click on the test name, result 
name, or any value in the "Results" tab of the Outputs section and 
choose "Output Log" menu option.
INFO (ADE-3067): Errors encountered during simulation. For more information, right-click
        on a test name in the 'Results' tab of the Outputs pane and choose 'Output Log'
        to view the simulation run log.

*Error*   Error ID  = 5011
*Error*   Error Msg = Simulator failed to complete the simulation.

          Error found by spectre during circuit read-in.
Error found
          by spectre during circuit read-in.
ERROR (SFE-675):
          "/home/cadence/umc90nm/Models/Spectre/rnhr_rf_V011.lib.scs"
          23: Illegal library definition found in netlist
Error found
          by spectre during circuit read-in.
Error found by spectre
          during circuit read-in.
ERROR (SFE-675):
          "/home/cadence/umc90nm/Models/Spectre/rnnpo_rf_V011.lib.scs" 23: Illegal library definition found in netlist
Error found by spectre during circuit read-in.
Error found by spectre during circuit read-in.
ERROR (SFE-675): "/home/cadence/umc90nm/Models/Spectre/rnppo_rf_V011.lib.scs" 23: Illegal library definition found in netlist
Error found by spectre during circuit read-in.
Error found by spectre during circuit read-in.
ERROR (SFE-675): "/home/cadence/umc90nm/Models/Spectre/L90_rsnwell_V031.lib.scs" 2: Illegal library definition found in netlist
Error found by spectre during circuit read-in.
Error found by spectre during circuit read-in.
ERROR (SFE-675): "/home/cadence/umc90nm/Models/Spectre/L90_SP10_RF_V011.lib.scs" 2: Illegal library definition found in netlist
Error found by spectre during circuit read-in.
Error found by spectre during circuit read-in.
ERROR (SFE-675): "/home/cadence/umc90nm/Models/Spectre/L90_SP10_V051.lib.scs" 2: Illegal library definition found in netlist
Error found by spectre during circuit read-in.
Error found by spectre during circuit
           read-in.










*Info*    Run start for Point ID (4 1) on testbench [
          Filter_Approx_Lib:Filter_Approx:1 ].

Resetting statistical vars

*Info*    Setting parameter values ...

Setting var C1 = "5.627p"
Setting var C2 = "5.627p"
Setting var C3 = "5.627p"
Setting var C_BW = "0"
Setting var H01 = "0.4976"
Setting var H02 = "0.4976"
Setting var H03 = "0.4976"
Setting var Q1 = "5"
Setting var Q2 = "5.474"
Setting var Q3 = "6"
Setting var R1 = "1k"
Setting var R2 = "1k"
Setting var R3 = "1k"
Setting var R_BW = "0"
Setting var Vin_AC = "1"
Setting temp(T) = 27

*Info*    Netlist Directory =
          /home/cadence/simulation/Filter_Approx_Lib/Filter_Approx/adexl/results/data/Interactive.4/1/Filter_Approx_Lib:Filter_Approx:1/netlist


*Info*    Data Directory    =
          /home/cadence/simulation/Filter_Approx_Lib/Filter_Approx/adexl/results/data/Interactive.4/1/Filter_Approx_Lib:Filter_Approx:1


*Info*    Creating Netlist for Point ID (4 1)

generate netlist...
Begin Incremental Netlisting Jun  4 23:50:08 2025
End netlisting Jun  4 23:50:08 2025

	The netlist is up to date.
	Time taken to compare the design with netlist:   0.0s
      ...successful.
compose simulator input file...
      ...successful.

*Info*    Running simulation on testbench [
          Filter_Approx_Lib:Filter_Approx:1 ] for Point ID (4 1).

Delete psf data in /home/cadence/simulation/Filter_Approx_Lib/Filter_Approx/adexl/results/data/Interactive.4/1/Filter_Approx_Lib:Filter_Approx:1/psf.
compose simulator input file...
      ...successful.
start simulator if needed...
      ...successful.
simulate...
To view the simulator output, right-click on the test name, result 
name, or any value in the "Results" tab of the Outputs section and 
choose "Output Log" menu option.
INFO (ADE-3067): Errors encountered during simulation. For more information, right-click
        on a test name in the 'Results' tab of the Outputs pane and choose 'Output Log'
        to view the simulation run log.

*Error*   Error ID  = 5011
*Error*   Error Msg = Simulator failed to complete the simulation.

          Error found by spectre during circuit read-in.
Error found
          by spectre during circuit read-in.
ERROR (SFE-675):
          "/home/cadence/umc90nm/Models/Spectre/rnhr_rf_V011.lib.scs"
          23: Illegal library definition found in netlist
Error found
          by spectre during circuit read-in.
Error found by spectre
          during circuit read-in.
ERROR (SFE-675):
          "/home/cadence/umc90nm/Models/Spectre/rnnpo_rf_V011.lib.scs" 23: Illegal library definition found in netlist
Error found by spectre during circuit read-in.
Error found by spectre during circuit read-in.
ERROR (SFE-675): "/home/cadence/umc90nm/Models/Spectre/rnppo_rf_V011.lib.scs" 23: Illegal library definition found in netlist
Error found by spectre during circuit read-in.
Error found by spectre during circuit read-in.
ERROR (SFE-675): "/home/cadence/umc90nm/Models/Spectre/L90_rsnwell_V031.lib.scs" 2: Illegal library definition found in netlist
Error found by spectre during circuit read-in.
Error found by spectre during circuit read-in.
ERROR (SFE-675): "/home/cadence/umc90nm/Models/Spectre/L90_SP10_RF_V011.lib.scs" 2: Illegal library definition found in netlist
Error found by spectre during circuit read-in.
Error found by spectre during circuit read-in.
ERROR (SFE-675): "/home/cadence/umc90nm/Models/Spectre/L90_SP10_V051.lib.scs" 2: Illegal library definition found in netlist
Error found by spectre during circuit read-in.
Error found by spectre during circuit
           read-in.





Simulation design variables differ from those on the cellView,
they have been saved in the file "/tmp/saved-design-variables".
To save future changes, copy variables to cellView before exiting.
